Arguments: 
  /usr/local/bin/node /usr/local/Cellar/yarn/1.22.10/libexec/bin/yarn.js install

PATH: 
  /Library/Frameworks/Python.framework/Versions/3.8/bin:/usr/local/bin:/usr/bin:/bin:/usr/sbin:/sbin:/usr/local/go/bin:/Library/Apple/usr/bin:/Users/akson/.cargo/bin:/usr/ucb

Yarn version: 
  1.22.10

Node version: 
  14.15.1

Platform: 
  darwin x64

Trace: 
  SyntaxError: /Users/akson/repo/study/mastering-rust/ch15/livemd/app/package.json: Unexpected string in JSON at position 131
      at JSON.parse (<anonymous>)
      at /usr/local/Cellar/yarn/1.22.10/libexec/lib/cli.js:1625:59
      at Generator.next (<anonymous>)
      at step (/usr/local/Cellar/yarn/1.22.10/libexec/lib/cli.js:310:30)
      at /usr/local/Cellar/yarn/1.22.10/libexec/lib/cli.js:321:13

npm manifest: 
  {
    "name": "livemd",
    "version": "1.0.0",
    "description": "A live markdown editor",
    "main": "index.js",
    "license": "MIT"
  
    "scripts": {
      "build": "webpack",
      "serve": "webpack-dev-server"
    },
  
    "devDependencies": {
      "html-webpack-plugin": "^3.2.0",
      "webpack": "^4.28.3",
      "webpack-cli": "^3.2.0",
      "webpack-dev-server": "^3.1.0"
    }
  }

yarn manifest: 
  No manifest

Lockfile: 
  No lockfile
